<?xml version="1.0" encoding="UTF-8"?>
<!-- Generated by org.testng.reporters.JUnitXMLReporter -->
<testsuite hostname="DESKTOP-83K4TV4" name="SDET" tests="9" failures="0" timestamp="30 Aug 2020 09:45:46 GMT" time="335.858" errors="0">
  <testcase name="GetURLofHeaderImage" time="0.1" classname="Selenium.Activity3"/>
  <testcase name="VerifyWebsiteSecondHeading" time="0.049" classname="Selenium.Activity4"/>
  <testcase name="VerifyWebsiteTitle" time="0.014" classname="Selenium.Activity1"/>
  <testcase name="VerifyWebsiteHeading" time="0.054" classname="Selenium.Activity2"/>
  <testcase name="CreateaNewJobListing" time="66.219" classname="Selenium.Activity7"/>
  <testcase name="LogintoWebsiteBackend" time="11.528" classname="Selenium.Activity8"/>
  <testcase name="NavigatetoJobsPage" time="3.206" classname="Selenium.Activity5"/>
  <testcase name="ApplytoaJob" time="16.289" classname="Selenium.Activity6"/>
  <testcase name="CreateJobListingfromBackend" time="60.932" classname="Selenium.Activity9"/>
</testsuite> <!-- SDET -->
